https://webchat.freenode.net
https://freenode.net
https://bbs.freenode.net/
https://jobs.freenode.net/
https://webchat.freenode.net
https://freenode.net
https://bbs.freenode.net/
https://jobs.freenode.net/
https://webchat.freenode.net
https://freenode.net
https://bbs.freenode.net/
https://jobs.freenode.net/
https://webchat.freenode.net
https://freenode.net
https://bbs.freenode.net/
https://jobs.freenode.net/
https://libera.chat
https://web.libera.chat
https://libera.chat/policies
https://www.voidlinux.org
https://repo-default.voidlinux.org/live/current
https://docs.voidlinux.org/xbps/
https://docs.voidlinux.org/config/services/
https://webchat.freenode.net
https://freenode.net
https://bbs.freenode.net/
https://jobs.freenode.net/
